
ROM used:   8596/32768 (13%)
            8600/32768 (13%) including unused fragments

            1.3 Average locations per line
            7.6 Average locations per statement

RAM used:   184/3936 (5%) at main() level
            268/3936 (7%) worst case

Stack used: 1 worst case (0 in main + 1 for interrupts)
Stack size: 31

Lines Stmts  %   Files
----- ----- ---  -----
   25     6   1  main.c
   51    26   2  main.h
   17     0   0  hardware.h
  815     0   0  C:\Program Files (x86)\PICC\Devices\18F26K20.h
 1351   359  32  C:\Program Files (x86)\PICC\Drivers\stdlib.h
   32     0   0  C:\Program Files (x86)\PICC\Drivers\stddef.h
  423   125  11  C:\Program Files (x86)\PICC\Drivers\string.h
   28     0   0  C:\Program Files (x86)\PICC\Drivers\ctype.h
   16     0   0  variaveis.c
   88     0   0  modbus_local.c
  199     0   0  modbus_local.h
  200     0   0  modbus_phy_layer_local.h
  597     0   0  modbus_app_layer_local.h
  390    65   6  modbus_phy_layer_rtu_local.c
 1046   343  30  C:\Program Files (x86)\PICC\Drivers\modbus_app_layer.c
  597     0   0  C:\Program Files (x86)\PICC\Drivers\modbus_app_layer.h
  226   114  10  umodbus.c
  169    90   8  userial.c
  103     0   0  C:\Program Files (x86)\PICC\Drivers\bootloader.h
----- -----
 6373  1128 Total

Page ROM  %  RAM   Vol Diff  Functions:
---- --- --- ---   --- ----  ----------
0     40   0    1             @delay_ms1
0     26   0    1             @delay_us1
0     24   0    0             @GETCH_BIU_1
0    116   1    5   231  6.6  strcmp
0     76   0    2             @MUL88
0    292   2   11             @MULFF
0     54   0    2             @ITOF
0    618   4   16             @ADDFF
0    410   2    9  1815 10.5  atoi
0     12   0    0             @TIMERISR_1
0     54   0    0             @GET_TICKS_1
0     34   0    2             @SET_TICKS_1
0    100   1    2             @PUTCHAR_2_
0     96   1    2             @GETCH_2_
0    290   2    0             @const1052
0    290   2    0             @const1055
0     12   0    0   123  2.0  RCV_ON
0     18   0    1    43  1.5  modbus_enable_timeout
0     60   0    0   259  5.0  modbus_timeout_now
0     30   0    2    80  2.7  modbus_check_timeout
0     68   0    3   230  3.2  modbus_calc_crc
0     38   0    1    88  2.1  modbus_serial_putc
0     40   0    3   235  4.0  modbus_serial_send_start
0     46   0    3   454  4.9  modbus_serial_send_stop
0    112   1    3   754  6.0  incomming_modbus_serial
0     14   0    0    47  1.3  modbus_init
0     34   0    0   269  5.3  modbus_kbhit
0    142   1    6   552  6.0  modbus_read_coils
0    140   1    6   552  6.0  modbus_read_holding_registers
0    156   1    6   552  6.0  modbus_read_input_registers
0     40   0    3             @DIV88
0    194   1    2   440  6.1  read_all_coils
0     10   0    0             @const1082
0     34   0    2             @PSTRINGC_9600_31766_31767
0      8   0    0             @const1084
0     22   0    0             @const1086
0     32   0    3             @PSTRINGCN_9600_31766_31767
0    108   1    2             @PRINTF_U_9600_31766_31767
0     66   0    2             @PRINTF_X_9600_31766_31767
0      6   0    0             @const1095
0     22   0    0             @const1096
0     10   0    0             @const1099
0      8   0    0             @const1100
0      6   0    0             @const1103
0    510   3    4  1195 11.6  read_temperatura
0    118   1   10             @FLT
0     18   0    0             @const1117
0     64   0    5             @FTOSD
0    164   1   13             @DIV3232
0    394   2   13             @PRINTF_L32D_9600_31766_31767FPFPF
0     24   0    0             @const1126
0    200   1    2   483  6.7  read_vitais
0     18   0    0             @const1131
0    166   1    9             @PRINTF_LU_9600_31766_31767
0     22   0    0             @const1134
0    158   1    2   419  6.1  read_all_holding
0     22   0    0             @const1137
0      8   0    0             @const1138
0      6   0    0             @const1141
0     26   0    0             @const1142
0    100   1    2   309  6.0  read_all_input_reg
0      8   0    0             @const1145
0      6   0    0             @const1148
0     24   0    0             @const1151
0      8   0    0             @const1152
0      6   0    0             @const1155
0     26   0    0             @const1156
0     28   0    0             @const1159
0      8   0    0             @const1160
0      6   0    0             @const1163
0     26   0    0             @const1164
0     26   0    0             @const1168
0      8   0    0             @const1169
0      6   0    0             @const1172
0     26   0    0             @const1173
0     30   0    0             @const1177
0      8   0    0             @const1178
0      6   0    0             @const1181
0     26   0    0             @const1182
0     26   0    0             @const1185
0     14   0    0             @const1186
0      6   0    0             @const1187
0      6   0    0             @const1190
0     26   0    0             @const1191
0     74   0    2   123  2.8  tratar_SET
0     32   0    0             @const1199
0     16   0    0             @const1200
0    376   2    2   721  3.6  tratar_GET
0     36   0    0             @const1202
0     32   0    0             @const1204
0     30   0    0             @const1206
0     30   0    0             @const1208
0     34   0    0             @const1210
0    288   2    5   750  4.9  comando_set
0    194   1    5   472  4.9  comando_get
0    132   1   26   402  3.8  decodifica
0     30   0    0             @const1221
0     30   0    0             @const1222
0    180   1    8   427  6.4  evt_serial
0    162   1    0   674  3.8  MotivoInicializacao
0     22   0    0             @const1228
0     20   0    0             @const1229
0     24   0    0             @const1230
0     26   0    0             @const1231
0     26   0    0             @const1232
0     28   0    0             @const1233
0     26   0    0             @const1234
0     68   0    0             @goto12919
0     22   0    0    95  1.3  initialize
0    114   1    0    59  1.7  MAIN
 Inline         0             @cinit1

Program metrics:
    Functions               30
    Statements              1128
    Comments                2135
    Volume (V)              23251
    Difficulty (D)          134.5
    Effort to implement (E) 3127639
    Time to implement (T)   48 hours, 16 minutes
    Est Delivered Bugs (B)  7
    Cyclomatic Complexity   58
    Maintainability (MI)    101

 Segment     Used  Free
-----------  ----  ----
00000-005FE     0  1536  
00600-00606     4  4  
00608-006A0   154  0  
006A2-0FFFE  8438  55400  



